{
  "RSpec": {
    "coverage": {
      "/Users/andela/Desktop/contactlist/spec/controllers/api/v1/customers_controller_spec.rb": [
        1,
        null,
        1,
        1,
        1,
        1,
        2,
        2,
        2,
        2,
        null,
        null,
        1,
        1,
        1,
        null,
        null,
        2,
        null,
        null,
        1,
        1,
        2,
        2,
        2,
        2,
        2,
        null,
        null,
        1,
        1,
        1,
        null,
        null,
        2,
        null,
        null,
        null,
        1,
        1,
        1,
        4,
        4,
        20,
        4,
        4,
        null,
        null,
        2,
        2,
        2,
        2,
        null,
        null,
        1,
        1,
        3,
        3,
        66,
        3,
        3,
        null,
        null,
        2,
        2,
        2,
        null,
        null,
        1,
        1,
        3,
        3,
        3,
        12,
        3,
        3,
        null,
        null,
        2,
        2,
        2,
        null,
        null,
        null,
        1,
        1,
        1,
        2,
        2,
        2,
        2,
        null,
        null,
        1,
        1,
        1,
        null,
        null,
        2,
        null,
        null,
        1,
        1,
        2,
        2,
        2,
        2,
        null,
        null,
        1,
        1,
        1,
        null,
        null,
        2,
        null,
        null,
        null,
        1,
        1,
        1,
        2,
        2,
        2,
        2,
        2,
        null,
        null,
        1,
        1,
        1,
        null,
        null,
        2,
        null,
        null,
        1,
        1,
        2,
        2,
        2,
        2,
        2,
        null,
        null,
        1,
        1,
        1,
        null,
        null,
        2,
        null,
        null,
        null,
        1,
        1,
        1,
        2,
        2,
        2,
        2,
        null,
        null,
        1,
        1,
        1,
        null,
        null,
        2,
        null,
        null,
        null
      ],
      "/Users/andela/Desktop/contactlist/spec/rails_helper.rb": [
        1,
        1,
        null,
        1,
        1,
        null,
        2,
        null,
        1,
        null,
        1,
        1,
        1,
        1,
        1,
        1,
        1,
        1,
        1,
        null,
        1,
        82,
        null,
        null,
        null,
        1,
        1,
        1,
        1,
        null,
        null
      ],
      "/Users/andela/Desktop/contactlist/config/environment.rb": [
        null,
        1,
        null,
        null,
        1
      ],
      "/Users/andela/Desktop/contactlist/config/application.rb": [
        1,
        null,
        1,
        null,
        1,
        null,
        1,
        1,
        1,
        null,
        null
      ],
      "/Users/andela/Desktop/contactlist/config/boot.rb": [
        1,
        null,
        1
      ],
      "/Users/andela/Desktop/contactlist/config/environments/test.rb": [
        1,
        null,
        null,
        null,
        null,
        null,
        null,
        1,
        null,
        null,
        null,
        null,
        1,
        null,
        null,
        1,
        1,
        null,
        null,
        1,
        1,
        null,
        null,
        1,
        null,
        null,
        1,
        null,
        null,
        null,
        null,
        1,
        null,
        null,
        1,
        null,
        null,
        1,
        null,
        null,
        null,
        null
      ],
      "/Users/andela/Desktop/contactlist/config/initializers/devise.rb": [
        null,
        null,
        1,
        null,
        null,
        null,
        null,
        null,
        null,
        null,
        null,
        null,
        null,
        null,
        1,
        null,
        null,
        null,
        null,
        null,
        null,
        null,
        null,
        null,
        null,
        null,
        1,
        null,
        null,
        null,
        null,
        null,
        null,
        null,
        null,
        null,
        null,
        null,
        null,
        null,
        null,
        null,
        null,
        null,
        null,
        null,
        null,
        null,
        1,
        null,
        null,
        null,
        null,
        1,
        null,
        null,
        null,
        null,
        null,
        null,
        null,
        null,
        null,
        null,
        null,
        null,
        null,
        null,
        null,
        null,
        null,
        null,
        null,
        null,
        null,
        null,
        null,
        null,
        null,
        null,
        null,
        null,
        null,
        null,
        1,
        null,
        null,
        null,
        null,
        null,
        null,
        null,
        null,
        null,
        null,
        null,
        null,
        null,
        null,
        null,
        null,
        1,
        null,
        null,
        null,
        null,
        null,
        null,
        null,
        null,
        null,
        null,
        null,
        null,
        null,
        null,
        null,
        null,
        null,
        null,
        null,
        null,
        null,
        null,
        null,
        null,
        null,
        null,
        null,
        1,
        null,
        null,
        null,
        null,
        null,
        null,
        null,
        null,
        null,
        1,
        null,
        null,
        null,
        null,
        null,
        null,
        null,
        null,
        null,
        null,
        1,
        null,
        null,
        null,
        null,
        1,
        null,
        null,
        null,
        null,
        null,
        null,
        null,
        null,
        null,
        null,
        null,
        null,
        null,
        null,
        null,
        null,
        null,
        null,
        null,
        null,
        null,
        null,
        null,
        null,
        null,
        null,
        null,
        null,
        null,
        null,
        null,
        null,
        null,
        null,
        null,
        null,
        null,
        null,
        null,
        null,
        1,
        null,
        null,
        null,
        null,
        null,
        null,
        null,
        null,
        null,
        null,
        null,
        null,
        null,
        null,
        null,
        null,
        null,
        null,
        null,
        null,
        null,
        null,
        null,
        null,
        null,
        null,
        null,
        null,
        null,
        null,
        null,
        null,
        null,
        null,
        null,
        null,
        null,
        null,
        null,
        null,
        null,
        1,
        null,
        null,
        null,
        null,
        null,
        null,
        null,
        null,
        null,
        null,
        null,
        null,
        null,
        null,
        null,
        null,
        null,
        null,
        null,
        null,
        null,
        null,
        null,
        null,
        null,
        null,
        null,
        null,
        null
      ],
      "/Users/andela/Desktop/contactlist/config/initializers/filter_parameter_logging.rb": [
        null,
        null,
        null,
        1
      ],
      "/Users/andela/Desktop/contactlist/config/initializers/secret_token.rb": [
        1
      ],
      "/Users/andela/Desktop/contactlist/config/initializers/wrap_parameters.rb": [
        null,
        null,
        null,
        null,
        null,
        null,
        null,
        null,
        null,
        null,
        null,
        null,
        null
      ],
      "/Users/andela/Desktop/contactlist/spec/factories/customers.rb": [
        1,
        1,
        179,
        null,
        null,
        1,
        1,
        1,
        1,
        null,
        null
      ],
      "/Users/andela/Desktop/contactlist/spec/factories/transactions.rb": [
        1,
        1,
        1,
        1,
        1,
        1,
        1,
        null,
        1,
        1,
        1,
        null,
        null,
        null
      ],
      "/Users/andela/Desktop/contactlist/spec/factories/users.rb": [
        1,
        1,
        135,
        null,
        null,
        1,
        1,
        1,
        null,
        null
      ],
      "/Users/andela/Desktop/contactlist/config/routes.rb": [
        1,
        null,
        1,
        1,
        1,
        1,
        null,
        1,
        null,
        1,
        1,
        1,
        1,
        1,
        1,
        null,
        1,
        1,
        null,
        null,
        1,
        null,
        null,
        1,
        1,
        1,
        1,
        1,
        null
      ],
      "/Users/andela/Desktop/contactlist/lib/api_constraints.rb": [
        1,
        1,
        1,
        1,
        null,
        null,
        1,
        null,
        0,
        null,
        null
      ],
      "/Users/andela/Desktop/contactlist/app/models/user.rb": [
        1,
        1,
        null,
        1,
        1,
        null,
        1,
        71,
        71,
        null,
        null,
        1,
        7,
        7,
        null,
        null
      ],
      "/Users/andela/Desktop/contactlist/spec/support/request_helpers.rb": [
        1,
        null,
        1,
        1,
        1,
        59,
        null,
        null,
        null,
        1,
        1,
        82,
        null,
        null,
        1,
        67,
        67,
        null,
        null,
        null,
        67,
        null,
        null,
        1,
        82,
        82,
        null,
        null,
        1,
        82,
        82,
        null,
        null,
        null
      ],
      "/Users/andela/Desktop/contactlist/lib/json_web_token.rb": [
        1,
        null,
        1,
        1,
        70,
        null,
        null,
        1,
        null,
        null,
        null,
        null,
        null,
        70,
        null,
        null
      ],
      "/Users/andela/Desktop/contactlist/app/controllers/api/v1/customers_controller.rb": [
        1,
        1,
        1,
        1,
        1,
        1,
        1,
        null,
        1,
        2,
        null,
        null,
        1,
        10,
        10,
        10,
        10,
        null,
        null,
        null,
        null,
        null,
        1,
        4,
        4,
        2,
        null,
        2,
        null,
        null,
        null,
        1,
        4,
        2,
        null,
        2,
        null,
        null,
        null,
        1,
        2,
        2,
        null,
        null,
        null,
        1,
        null,
        1,
        null,
        null,
        null,
        8,
        null,
        null,
        1,
        8,
        null,
        null,
        1,
        10,
        3,
        null,
        7,
        null,
        null,
        null,
        null,
        null
      ],
      "/Users/andela/Desktop/contactlist/app/controllers/application_controller.rb": [
        1,
        1,
        1,
        null,
        1,
        0,
        null,
        0,
        null,
        null
      ],
      "/Users/andela/Desktop/contactlist/app/controllers/concerns/authenticable.rb": [
        1,
        null,
        1,
        1,
        164,
        null,
        null,
        1,
        7,
        64,
        null,
        null,
        1,
        66,
        null,
        null,
        1,
        null,
        1,
        70,
        68,
        null,
        2,
        null,
        null
      ],
      "/Users/andela/Desktop/contactlist/spec/controllers/api/v1/sessions_controller_spec.rb": [
        1,
        null,
        1,
        1,
        1,
        4,
        null,
        null,
        1,
        1,
        2,
        2,
        null,
        null,
        1,
        1,
        1,
        null,
        null,
        2,
        null,
        null,
        1,
        1,
        2,
        2,
        null,
        null,
        1,
        1,
        null,
        null,
        2,
        null,
        null,
        null,
        1,
        1,
        1,
        2,
        2,
        2,
        null,
        null,
        2,
        2,
        null,
        null,
        1,
        1,
        2,
        2,
        null,
        null,
        2,
        2,
        null,
        null,
        1,
        1,
        1,
        1,
        1,
        1,
        null,
        null,
        2,
        null,
        null,
        null
      ],
      "/Users/andela/Desktop/contactlist/app/controllers/api/v1/sessions_controller.rb": [
        1,
        1,
        1,
        1,
        null,
        1,
        4,
        4,
        4,
        null,
        4,
        2,
        2,
        2,
        2,
        2,
        null,
        null,
        null,
        null,
        2,
        null,
        2,
        null,
        null,
        null,
        1,
        2,
        2,
        null,
        null,
        null,
        null
      ],
      "/Users/andela/Desktop/contactlist/spec/controllers/api/v1/stats_controller_spec.rb": [
        1,
        null,
        1,
        13,
        null,
        1,
        1,
        4,
        4,
        4,
        12,
        null,
        null,
        null,
        null,
        null,
        null,
        null,
        null,
        4,
        12,
        null,
        null,
        4,
        4,
        4,
        null,
        null,
        2,
        2,
        2,
        2,
        null,
        null,
        1,
        1,
        4,
        4,
        4,
        12,
        null,
        null,
        null,
        null,
        null,
        null,
        null,
        null,
        4,
        12,
        null,
        null,
        4,
        4,
        4,
        null,
        null,
        2,
        2,
        2,
        2,
        null,
        null,
        1,
        1,
        4,
        4,
        4,
        12,
        null,
        null,
        null,
        null,
        null,
        null,
        null,
        4,
        12,
        null,
        null,
        4,
        4,
        4,
        null,
        null,
        2,
        2,
        2,
        2,
        null,
        null
      ],
      "/Users/andela/Desktop/contactlist/app/controllers/api/v1/stats_controller.rb": [
        1,
        1,
        1,
        1,
        1,
        null,
        1,
        4,
        null,
        null,
        null,
        null,
        null,
        null,
        1,
        4,
        4,
        4,
        null,
        null,
        null,
        null,
        null,
        null,
        1,
        4,
        null,
        null,
        null,
        null
      ],
      "/Users/andela/Desktop/contactlist/spec/controllers/api/v1/transactions_controller_spec.rb": [
        1,
        null,
        1,
        24,
        24,
        null,
        1,
        1,
        1,
        2,
        2,
        2,
        null,
        null,
        1,
        1,
        1,
        null,
        null,
        2,
        null,
        null,
        1,
        1,
        2,
        2,
        2,
        2,
        null,
        null,
        1,
        1,
        1,
        null,
        null,
        2,
        null,
        null,
        null,
        1,
        1,
        1,
        4,
        20,
        4,
        4,
        null,
        null,
        2,
        2,
        2,
        2,
        null,
        null,
        1,
        1,
        3,
        75,
        3,
        3,
        null,
        null,
        2,
        2,
        2,
        null,
        null,
        1,
        1,
        1,
        6,
        4,
        1,
        1,
        null,
        null,
        2,
        null,
        null,
        1,
        1,
        1,
        6,
        4,
        1,
        1,
        null,
        null,
        2,
        null,
        null,
        null,
        1,
        1,
        1,
        2,
        2,
        2,
        null,
        null,
        null,
        null,
        1,
        1,
        1,
        null,
        null,
        null,
        2,
        null,
        null,
        1,
        1,
        2,
        2,
        2,
        null,
        null,
        null,
        null,
        1,
        1,
        1,
        null,
        null,
        2,
        null,
        null,
        null,
        1,
        1,
        1,
        2,
        2,
        2,
        2,
        null,
        null,
        null,
        null,
        null,
        1,
        1,
        1,
        null,
        null,
        2,
        null,
        null,
        1,
        1,
        2,
        2,
        2,
        2,
        null,
        null,
        null,
        null,
        null,
        1,
        1,
        1,
        null,
        null,
        2,
        null,
        null,
        null,
        1,
        1,
        1,
        2,
        2,
        2,
        null,
        null,
        1,
        1,
        1,
        null,
        null,
        2,
        null,
        null,
        null
      ],
      "/Users/andela/Desktop/contactlist/app/controllers/api/v1/transactions_controller.rb": [
        1,
        1,
        1,
        1,
        1,
        1,
        1,
        null,
        1,
        2,
        null,
        null,
        1,
        9,
        9,
        9,
        9,
        9,
        null,
        null,
        null,
        null,
        null,
        1,
        4,
        4,
        4,
        2,
        null,
        2,
        null,
        null,
        null,
        1,
        4,
        2,
        null,
        2,
        null,
        null,
        null,
        1,
        2,
        2,
        null,
        null,
        null,
        1,
        null,
        1,
        8,
        null,
        null,
        1,
        9,
        1,
        null,
        null,
        null,
        null,
        8,
        null,
        null,
        null,
        1,
        8,
        null,
        null,
        null,
        null
      ],
      "/Users/andela/Desktop/contactlist/spec/controllers/api/v1/user_controller_spec.rb": [
        1,
        null,
        1,
        1,
        1,
        1,
        1,
        1,
        null,
        null,
        1,
        1,
        1,
        null,
        null,
        null,
        1,
        1,
        1,
        1,
        1,
        null,
        null,
        1,
        1,
        1,
        null,
        null,
        null,
        1,
        1,
        2,
        null,
        null,
        null,
        2,
        null,
        null,
        1,
        1,
        1,
        null,
        null,
        1,
        1,
        1,
        null,
        null,
        null,
        null,
        1,
        1,
        1,
        1,
        1,
        1,
        null,
        null,
        1,
        1,
        1,
        null,
        null,
        null,
        1,
        1,
        2,
        2,
        2,
        null,
        null,
        1,
        1,
        1,
        null,
        null,
        1,
        1,
        1,
        null,
        null,
        null,
        null,
        1,
        1,
        1,
        1,
        1,
        1,
        null,
        null,
        1,
        1,
        1,
        null,
        null,
        null,
        null
      ],
      "/Users/andela/Desktop/contactlist/app/controllers/api/v1/users_controller.rb": [
        1,
        1,
        1,
        1,
        1,
        null,
        1,
        1,
        null,
        null,
        1,
        3,
        3,
        1,
        null,
        null,
        null,
        1,
        null,
        2,
        null,
        null,
        null,
        1,
        3,
        3,
        1,
        null,
        2,
        null,
        null,
        null,
        1,
        1,
        1,
        null,
        null,
        1,
        null,
        1,
        6,
        null,
        null,
        null,
        null
      ],
      "/Users/andela/Desktop/contactlist/spec/controllers/concerns/authenticable_spec.rb": [
        1,
        null,
        1,
        1,
        1,
        null,
        null,
        1,
        6,
        3,
        4,
        null,
        1,
        1,
        1,
        1,
        null,
        null,
        null,
        1,
        1,
        null,
        null,
        1,
        1,
        null,
        null,
        null,
        1,
        1,
        2,
        2,
        2,
        null,
        2,
        null,
        null,
        1,
        1,
        null,
        null,
        2,
        null,
        null,
        1,
        1,
        1,
        1,
        null,
        null,
        1,
        1,
        1,
        null,
        null,
        null,
        1,
        1,
        1,
        null,
        null,
        2,
        null,
        null,
        null
      ],
      "/Users/andela/Desktop/contactlist/spec/controllers/welcome_controller_spec.rb": [
        1,
        null,
        1,
        1,
        1,
        1,
        1,
        null,
        null,
        null
      ],
      "/Users/andela/Desktop/contactlist/app/controllers/welcome_controller.rb": [
        1,
        1,
        1,
        1,
        null,
        null
      ],
      "/Users/andela/Desktop/contactlist/spec/models/customer_spec.rb": [
        1,
        null,
        1,
        7,
        null,
        2,
        2,
        2,
        2,
        2,
        2,
        null,
        1,
        2,
        null,
        2,
        null,
        null
      ],
      "/Users/andela/Desktop/contactlist/app/models/customer.rb": [
        1,
        1,
        1,
        1,
        1,
        1,
        null,
        1,
        1,
        null,
        1,
        3,
        null,
        null,
        1,
        4,
        null,
        null
      ],
      "/Users/andela/Desktop/contactlist/app/models/concerns/can_paginate.rb": [
        1,
        1,
        23,
        null,
        null
      ],
      "/Users/andela/Desktop/contactlist/app/models/concerns/timify.rb": [
        1,
        1,
        8,
        null,
        null
      ],
      "/Users/andela/Desktop/contactlist/spec/models/transaction_spec.rb": [
        1,
        null,
        1,
        6,
        null,
        2,
        2,
        2,
        2,
        2,
        null,
        1,
        2,
        null,
        2,
        null,
        null
      ],
      "/Users/andela/Desktop/contactlist/app/models/transaction.rb": [
        1,
        1,
        1,
        1,
        1,
        1,
        null,
        1,
        1,
        null
      ],
      "/Users/andela/Desktop/contactlist/spec/models/user_spec.rb": [
        1,
        null,
        1,
        5,
        null,
        2,
        2,
        2,
        2,
        null,
        1,
        2,
        null,
        2,
        null,
        null
      ],
      "/Users/andela/Desktop/contactlist/app/serializers/customer_serializer.rb": [
        1,
        1,
        null
      ],
      "/Users/andela/Desktop/contactlist/app/serializers/transaction_serializer.rb": [
        1,
        1,
        null
      ],
      "/Users/andela/Desktop/contactlist/app/serializers/user_serializer.rb": [
        1,
        1,
        null
      ]
    },
    "timestamp": 1462377331
  }
}
